2025-05-12 16:39:43,316 - root - INFO - Logging setup completed.
2025-05-12 16:39:43,316 - root - INFO - Starting GarminPlannerGUI...
2025-05-12 16:39:44,607 - root - INFO - Configuration loaded from config.yaml
2025-05-12 16:39:44,788 - root - WARNING - Session file C:\Users\f85694b/.garth\session.json not found
2025-05-12 16:39:55,144 - root - INFO - Configuration saved to config.yaml
2025-05-12 16:39:55,151 - root - INFO - Configuration saved to config.yaml
2025-05-12 16:40:07,946 - root - ERROR - Errore nell'esportazione degli allenamenti in Excel: 'DataFrame' object has no attribute 'append'
2025-05-12 16:40:07,947 - root - ERROR - Errore nell'esportazione degli allenamenti: 'DataFrame' object has no attribute 'append'
2025-05-12 16:40:45,542 - root - INFO - Configuration saved to config.yaml
2025-05-12 16:40:45,629 - root - INFO - GarminPlannerGUI terminated.
2025-05-12 16:41:50,066 - root - INFO - Logging setup completed.
2025-05-12 16:41:50,066 - root - INFO - Starting GarminPlannerGUI...
2025-05-12 16:41:51,338 - root - INFO - Configuration loaded from config.yaml
2025-05-12 16:41:51,522 - root - WARNING - Session file C:\Users\f85694b/.garth\session.json not found
2025-05-12 16:41:57,582 - root - INFO - Configuration saved to config.yaml
2025-05-12 16:41:57,589 - root - INFO - Configuration saved to config.yaml
2025-05-12 16:48:27,630 - root - INFO - Configuration saved to config.yaml
2025-05-12 16:48:27,674 - root - INFO - Configuration saved to config.yaml
2025-05-12 16:48:27,687 - root - WARNING - Foglio 'Workouts' non contiene allenamenti validi
2025-05-12 16:50:59,958 - root - INFO - Configuration saved to config.yaml
2025-05-12 16:50:59,996 - root - INFO - Configuration saved to config.yaml
2025-05-12 16:51:00,006 - root - WARNING - Foglio 'Workouts' non contiene allenamenti validi
2025-05-12 16:57:00,874 - root - INFO - Configuration saved to config.yaml
2025-05-12 16:57:00,935 - root - INFO - GarminPlannerGUI terminated.
2025-05-12 16:57:04,719 - root - INFO - Logging setup completed.
2025-05-12 16:57:04,719 - root - INFO - Starting GarminPlannerGUI...
2025-05-12 16:57:05,989 - root - INFO - Configuration loaded from config.yaml
2025-05-12 16:57:06,166 - root - WARNING - Session file C:\Users\f85694b/.garth\session.json not found
2025-05-12 16:57:15,303 - root - INFO - Configuration saved to config.yaml
2025-05-12 16:57:15,308 - root - INFO - Configuration saved to config.yaml
2025-05-12 16:58:55,913 - root - INFO - Configuration saved to config.yaml
2025-05-12 16:58:55,932 - root - INFO - Configurazione importata con successo
2025-05-12 16:58:55,940 - root - INFO - Foglio 'Paces' trovato. Colonne: ['Name', 'Value', 'Note']
2025-05-12 16:58:55,941 - root - INFO - Sezioni trovate: ['RITMI PER LA CORSA (min/km)', 'POTENZA PER IL CICLISMO (Watt)', 'PASSI VASCA PER IL NUOTO (min/100m)']
2025-05-12 16:58:55,942 - root - INFO - Sezione trovata: running
2025-05-12 16:58:55,942 - root - INFO - Importato running pace: Z1 = 6:25
2025-05-12 16:58:55,942 - root - INFO - Importato running pace: Z2 = 6:20
2025-05-12 16:58:55,943 - root - INFO - Importato running pace: Z3 = 6:00
2025-05-12 16:58:55,943 - root - INFO - Importato running pace: Z4 = 5:20
2025-05-12 16:58:55,943 - root - INFO - Importato running pace: Z5 = 4:50
2025-05-12 16:58:55,943 - root - INFO - Importato running pace: recovery = 7:00-6:30
2025-05-12 16:58:55,943 - root - INFO - Importato running pace: threshold = 5:10-4:50
2025-05-12 16:58:55,943 - root - INFO - Importato running pace: marathon = 5:20-5:10
2025-05-12 16:58:55,943 - root - INFO - Importato running pace: race_pace = 4:50
2025-05-12 16:58:55,944 - root - INFO - Sezione trovata: cycling
2025-05-12 16:58:55,944 - root - INFO - Importato cycling power: ftp = 235
2025-05-12 16:58:55,944 - root - INFO - Importato cycling power: Z1 = 125-175
2025-05-12 16:58:55,944 - root - INFO - Importato cycling power: Z2 = 175-215
2025-05-12 16:58:55,944 - root - INFO - Importato cycling power: Z3 = 215-250
2025-05-12 16:58:55,944 - root - INFO - Importato cycling power: Z4 = 250-300
2025-05-12 16:58:55,944 - root - INFO - Importato cycling power: Z5 = 300-375
2025-05-12 16:58:55,945 - root - INFO - Importato cycling power: Z6 = 375+
2025-05-12 16:58:55,945 - root - INFO - Importato cycling power: recovery = <125
2025-05-12 16:58:55,945 - root - INFO - Importato cycling power: threshold = 235-265
2025-05-12 16:58:55,945 - root - INFO - Importato cycling power: sweet_spot = 220-235
2025-05-12 16:58:55,945 - root - INFO - Sezione trovata: swimming
2025-05-12 16:58:55,945 - root - INFO - Importato swimming pace: Z1 = 2:33-2:11
2025-05-12 16:58:55,945 - root - INFO - Importato swimming pace: Z2 = 2:15-2:00
2025-05-12 16:58:55,945 - root - INFO - Importato swimming pace: Z3 = 2:00-1:45
2025-05-12 16:58:55,946 - root - INFO - Importato swimming pace: Z4 = 1:45-1:30
2025-05-12 16:58:55,946 - root - INFO - Importato swimming pace: Z5 = 1:30-1:15
2025-05-12 16:58:55,946 - root - INFO - Importato swimming pace: recovery = 2:45-2:30
2025-05-12 16:58:55,946 - root - INFO - Importato swimming pace: threshold = 1:55-1:40
2025-05-12 16:58:55,946 - root - INFO - Importato swimming pace: sprint = 1:25-1:15
2025-05-12 16:58:55,946 - root - INFO - Valori di pace/potenza importati con successo
2025-05-12 16:58:55,955 - root - INFO - Foglio 'HeartRates' trovato. Colonne: ['Name', 'Value', 'Description']
2025-05-12 16:58:55,955 - root - INFO - Importato heart rate: max_hr = 133
2025-05-12 16:58:55,956 - root - INFO - Importato heart rate: rest_hr = 60
2025-05-12 16:58:55,956 - root - INFO - Importato heart rate zone: Z1_HR = 62-76% max_hr
2025-05-12 16:58:55,956 - root - INFO - Importato heart rate zone: Z2_HR = 76-85% max_hr
2025-05-12 16:58:55,956 - root - INFO - Importato heart rate zone: Z3_HR = 85-91% max_hr
2025-05-12 16:58:55,956 - root - INFO - Importato heart rate zone: Z4_HR = 91-95% max_hr
2025-05-12 16:58:55,956 - root - INFO - Importato heart rate zone: Z5_HR = 95-100% max_hr
2025-05-12 16:58:55,957 - root - INFO - Valori di frequenza cardiaca importati con successo
2025-05-12 16:58:55,960 - root - INFO - Configuration saved to config.yaml
2025-05-12 16:58:55,968 - root - INFO - Foglio 'Workouts' trovato. Colonne: ['Week', 'Date', 'Session', 'Sport', 'Description', 'Steps']
2025-05-12 16:58:55,968 - root - INFO - Numero di righe nel foglio: 1
2025-05-12 16:58:55,969 - root - INFO - Trovate 1 righe di allenamenti
2025-05-12 16:58:55,970 - root - INFO - Processando allenamento: WnanDnan - AllenamentoRipetuta
2025-05-12 16:58:55,970 - root - INFO - Sport: Running, Date: 2025-05-07
2025-05-12 16:58:55,970 - root - INFO - Parsing steps per 'WnanDnan - AllenamentoRipetuta'
2025-05-12 16:58:55,970 - root - WARNING - Errore nel parsing del tempo '10:30min': invalid literal for int() with base 10: '30min'
2025-05-12 16:58:55,970 - root - WARNING - Impossibile estrarre il numero di ripetizioni da 'repeat 3:', usando 1
2025-05-12 16:58:55,971 - root - WARNING - Errore nel parsing del tempo '5:30min': invalid literal for int() with base 10: '30min'
2025-05-12 16:58:55,971 - root - WARNING - Errore nel parsing del tempo '2min': invalid literal for int() with base 10: '2min'
2025-05-12 16:58:55,971 - root - INFO - Allenamento 'WnanDnan - AllenamentoRipetuta' importato con successo, con 3 step
2025-05-12 16:58:55,971 - root - INFO - Importati 1 allenamenti
2025-05-12 17:03:20,673 - root - INFO - Configuration saved to config.yaml
2025-05-12 17:03:20,763 - root - INFO - GarminPlannerGUI terminated.
2025-05-12 17:06:06,586 - root - INFO - Logging setup completed.
2025-05-12 17:06:06,586 - root - INFO - Starting GarminPlannerGUI...
2025-05-12 17:06:08,113 - root - INFO - Configuration loaded from config.yaml
2025-05-12 17:06:08,289 - root - WARNING - Session file C:\Users\f85694b/.garth\session.json not found
2025-05-12 17:06:24,929 - root - INFO - Configuration saved to config.yaml
2025-05-12 17:06:24,936 - root - INFO - Configuration saved to config.yaml
2025-05-12 17:06:49,023 - root - INFO - Configuration saved to config.yaml
2025-05-12 17:07:50,789 - root - INFO - Configuration saved to config.yaml
2025-05-12 17:07:50,808 - root - INFO - Configurazione importata con successo
2025-05-12 17:07:50,816 - root - INFO - Foglio 'Paces' trovato. Colonne: ['Name', 'Value', 'Note']
2025-05-12 17:07:50,817 - root - INFO - Sezioni trovate: ['RITMI PER LA CORSA (min/km)', 'POTENZA PER IL CICLISMO (Watt)', 'PASSI VASCA PER IL NUOTO (min/100m)']
2025-05-12 17:07:50,817 - root - INFO - Sezione trovata: running
2025-05-12 17:07:50,818 - root - INFO - Importato running pace: Z1 = 6:35
2025-05-12 17:07:50,818 - root - INFO - Importato running pace: Z2 = 6:20
2025-05-12 17:07:50,818 - root - INFO - Importato running pace: Z3 = 6:00
2025-05-12 17:07:50,818 - root - INFO - Importato running pace: Z4 = 5:20
2025-05-12 17:07:50,818 - root - INFO - Importato running pace: Z5 = 4:50
2025-05-12 17:07:50,818 - root - INFO - Importato running pace: recovery = 7:00-6:30
2025-05-12 17:07:50,819 - root - INFO - Importato running pace: threshold = 5:10-4:50
2025-05-12 17:07:50,819 - root - INFO - Importato running pace: marathon = 5:20-5:10
2025-05-12 17:07:50,819 - root - INFO - Importato running pace: race_pace = 4:50
2025-05-12 17:07:50,819 - root - INFO - Sezione trovata: cycling
2025-05-12 17:07:50,819 - root - INFO - Importato cycling power: ftp = 250
2025-05-12 17:07:50,819 - root - INFO - Importato cycling power: Z1 = 125-175
2025-05-12 17:07:50,820 - root - INFO - Importato cycling power: Z2 = 175-215
2025-05-12 17:07:50,820 - root - INFO - Importato cycling power: Z3 = 215-250
2025-05-12 17:07:50,820 - root - INFO - Importato cycling power: Z4 = 250-300
2025-05-12 17:07:50,820 - root - INFO - Importato cycling power: Z5 = 300-375
2025-05-12 17:07:50,820 - root - INFO - Importato cycling power: Z6 = 375+
2025-05-12 17:07:50,821 - root - INFO - Importato cycling power: recovery = <125
2025-05-12 17:07:50,821 - root - INFO - Importato cycling power: threshold = 235-265
2025-05-12 17:07:50,821 - root - INFO - Importato cycling power: sweet_spot = 220-235
2025-05-12 17:07:50,821 - root - INFO - Sezione trovata: swimming
2025-05-12 17:07:50,821 - root - INFO - Importato swimming pace: Z1 = 2:30-2:15
2025-05-12 17:07:50,821 - root - INFO - Importato swimming pace: Z2 = 2:15-2:00
2025-05-12 17:07:50,821 - root - INFO - Importato swimming pace: Z3 = 2:00-1:45
2025-05-12 17:07:50,822 - root - INFO - Importato swimming pace: Z4 = 1:45-1:30
2025-05-12 17:07:50,822 - root - INFO - Importato swimming pace: Z5 = 1:30-1:15
2025-05-12 17:07:50,822 - root - INFO - Importato swimming pace: recovery = 2:45-2:30
2025-05-12 17:07:50,822 - root - INFO - Importato swimming pace: threshold = 1:55-1:40
2025-05-12 17:07:50,822 - root - INFO - Importato swimming pace: sprint = 1:25-1:15
2025-05-12 17:07:50,822 - root - INFO - Valori di pace/potenza importati con successo
2025-05-12 17:07:50,831 - root - INFO - Foglio 'HeartRates' trovato. Colonne: ['Name', 'Value', 'Description']
2025-05-12 17:07:50,831 - root - INFO - Importato heart rate: max_hr = 180
2025-05-12 17:07:50,831 - root - INFO - Importato heart rate: rest_hr = 60
2025-05-12 17:07:50,832 - root - INFO - Importato heart rate zone: Z1_HR = 62-76% max_hr
2025-05-12 17:07:50,832 - root - INFO - Importato heart rate zone: Z2_HR = 76-85% max_hr
2025-05-12 17:07:50,832 - root - INFO - Importato heart rate zone: Z3_HR = 85-91% max_hr
2025-05-12 17:07:50,832 - root - INFO - Importato heart rate zone: Z4_HR = 91-95% max_hr
2025-05-12 17:07:50,832 - root - INFO - Importato heart rate zone: Z5_HR = 95-100% max_hr
2025-05-12 17:07:50,833 - root - INFO - Valori di frequenza cardiaca importati con successo
2025-05-12 17:07:50,836 - root - INFO - Configuration saved to config.yaml
2025-05-12 17:07:50,844 - root - INFO - Foglio 'Workouts' trovato. Colonne: ['Week', 'Date', 'Session', 'Sport', 'Description', 'Steps']
2025-05-12 17:07:50,844 - root - INFO - Numero di righe nel foglio: 1
2025-05-12 17:07:50,845 - root - INFO - Trovate 1 righe di allenamenti
2025-05-12 17:07:50,846 - root - INFO - Processando allenamento: WnanDnan - AllenamentoRipetuta
2025-05-12 17:07:50,846 - root - INFO - Sport: Running, Date: 2025-05-07
2025-05-12 17:07:50,846 - root - INFO - Parsing steps per 'WnanDnan - AllenamentoRipetuta'
2025-05-12 17:07:50,846 - root - INFO - Allenamento 'WnanDnan - AllenamentoRipetuta' importato con successo, con 3 step
2025-05-12 17:07:50,847 - root - INFO - Importati 1 allenamenti
2025-05-12 17:16:09,349 - root - INFO - Configuration saved to config.yaml
2025-05-12 17:16:09,425 - root - INFO - GarminPlannerGUI terminated.
2025-05-12 17:16:13,360 - root - INFO - Logging setup completed.
2025-05-12 17:16:13,360 - root - INFO - Starting GarminPlannerGUI...
2025-05-12 17:16:14,877 - root - INFO - Configuration loaded from config.yaml
2025-05-12 17:16:15,044 - root - WARNING - Session file C:\Users\f85694b/.garth\session.json not found
2025-05-12 17:16:23,462 - root - INFO - Configuration saved to config.yaml
2025-05-12 17:16:23,481 - root - INFO - Configurazione importata con successo
2025-05-12 17:16:23,489 - root - INFO - Foglio 'Paces' trovato. Colonne: ['Name', 'Value', 'Note']
2025-05-12 17:16:23,490 - root - INFO - Sezioni trovate: ['RITMI PER LA CORSA (min/km)', 'POTENZA PER IL CICLISMO (Watt)', 'PASSI VASCA PER IL NUOTO (min/100m)']
2025-05-12 17:16:23,491 - root - INFO - Sezione trovata: running
2025-05-12 17:16:23,491 - root - INFO - Importato running pace: Z1 = 6:35
2025-05-12 17:16:23,491 - root - INFO - Importato running pace: Z2 = 6:20
2025-05-12 17:16:23,492 - root - INFO - Importato running pace: Z3 = 6:00
2025-05-12 17:16:23,492 - root - INFO - Importato running pace: Z4 = 5:20
2025-05-12 17:16:23,492 - root - INFO - Importato running pace: Z5 = 4:50
2025-05-12 17:16:23,492 - root - INFO - Importato running pace: recovery = 7:00-6:30
2025-05-12 17:16:23,492 - root - INFO - Importato running pace: threshold = 5:10-4:50
2025-05-12 17:16:23,493 - root - INFO - Importato running pace: marathon = 5:20-5:10
2025-05-12 17:16:23,493 - root - INFO - Importato running pace: race_pace = 4:50
2025-05-12 17:16:23,493 - root - INFO - Sezione trovata: cycling
2025-05-12 17:16:23,494 - root - INFO - Importato cycling power: ftp = 250
2025-05-12 17:16:23,494 - root - INFO - Importato cycling power: Z1 = 125-175
2025-05-12 17:16:23,494 - root - INFO - Importato cycling power: Z2 = 175-215
2025-05-12 17:16:23,494 - root - INFO - Importato cycling power: Z3 = 215-250
2025-05-12 17:16:23,494 - root - INFO - Importato cycling power: Z4 = 250-300
2025-05-12 17:16:23,494 - root - INFO - Importato cycling power: Z5 = 300-375
2025-05-12 17:16:23,495 - root - INFO - Importato cycling power: Z6 = 375+
2025-05-12 17:16:23,495 - root - INFO - Importato cycling power: recovery = <125
2025-05-12 17:16:23,495 - root - INFO - Importato cycling power: threshold = 235-265
2025-05-12 17:16:23,495 - root - INFO - Importato cycling power: sweet_spot = 220-235
2025-05-12 17:16:23,495 - root - INFO - Sezione trovata: swimming
2025-05-12 17:16:23,496 - root - INFO - Importato swimming pace: Z1 = 2:30-2:15
2025-05-12 17:16:23,496 - root - INFO - Importato swimming pace: Z2 = 2:15-2:00
2025-05-12 17:16:23,496 - root - INFO - Importato swimming pace: Z3 = 2:00-1:45
2025-05-12 17:16:23,496 - root - INFO - Importato swimming pace: Z4 = 1:45-1:30
2025-05-12 17:16:23,496 - root - INFO - Importato swimming pace: Z5 = 1:30-1:15
2025-05-12 17:16:23,497 - root - INFO - Importato swimming pace: recovery = 2:45-2:30
2025-05-12 17:16:23,497 - root - INFO - Importato swimming pace: threshold = 1:55-1:40
2025-05-12 17:16:23,497 - root - INFO - Importato swimming pace: sprint = 1:25-1:15
2025-05-12 17:16:23,497 - root - INFO - Valori di pace/potenza importati con successo
2025-05-12 17:16:23,505 - root - INFO - Foglio 'HeartRates' trovato. Colonne: ['Name', 'Value', 'Description']
2025-05-12 17:16:23,505 - root - INFO - Importato heart rate: max_hr = 180
2025-05-12 17:16:23,506 - root - INFO - Importato heart rate: rest_hr = 60
2025-05-12 17:16:23,506 - root - INFO - Importato heart rate zone: Z1_HR = 62-76% max_hr
2025-05-12 17:16:23,506 - root - INFO - Importato heart rate zone: Z2_HR = 76-85% max_hr
2025-05-12 17:16:23,506 - root - INFO - Importato heart rate zone: Z3_HR = 85-91% max_hr
2025-05-12 17:16:23,506 - root - INFO - Importato heart rate zone: Z4_HR = 91-95% max_hr
2025-05-12 17:16:23,506 - root - INFO - Importato heart rate zone: Z5_HR = 95-100% max_hr
2025-05-12 17:16:23,507 - root - INFO - Valori di frequenza cardiaca importati con successo
2025-05-12 17:16:23,510 - root - INFO - Configuration saved to config.yaml
2025-05-12 17:16:23,519 - root - INFO - Foglio 'Workouts' trovato. Colonne: ['Week', 'Date', 'Session', 'Sport', 'Description', 'Steps']
2025-05-12 17:16:23,519 - root - INFO - Numero di righe nel foglio: 1
2025-05-12 17:16:23,519 - root - INFO - Trovate 1 righe di allenamenti
2025-05-12 17:16:23,520 - root - INFO - Processando allenamento: WnanDnan - AllenamentoRipetuta
2025-05-12 17:16:23,520 - root - INFO - Sport: Running, Date: 2025-05-07
2025-05-12 17:16:23,520 - root - INFO - Parsing steps per 'WnanDnan - AllenamentoRipetuta'
2025-05-12 17:16:23,520 - root - INFO - Allenamento 'WnanDnan - AllenamentoRipetuta' importato con successo, con 4 step
2025-05-12 17:16:23,520 - root - INFO - Importati 1 allenamenti
